<?xml version="1.0" encoding="UTF-8"?>
<!-- Generated by org.testng.reporters.JUnitReportReporter -->
<testsuite skipped="0" hostname="DESKTOP-C7HKO16" name="com.issues.UpdateComment" tests="1" failures="0" timestamp="17 Sep 2018 19:05:19 GMT" time="2.298" errors="0">
  <testcase name="verifyResponse" time="2.298" classname="com.issues.UpdateComment"/>
</testsuite> <!-- com.issues.UpdateComment -->
