<?xml version="1.0" encoding="UTF-8"?>
<!-- Generated by org.testng.reporters.JUnitReportReporter -->
<testsuite skipped="0" hostname="DESKTOP-C7HKO16" name="com.issues.UpdateComment" tests="1" failures="0" timestamp="19 Sep 2018 01:36:47 GMT" time="4.178" errors="0">
  <testcase name="verifyResponse" time="4.178" classname="com.issues.UpdateComment"/>
</testsuite> <!-- com.issues.UpdateComment -->
